# JRE version: Java(TM) SE Runtime Environment (8.0_201-b09) (build 1.8.0_201-b09)
# Java VM: Java HotSpot(TM) 64-Bit Server VM (25.201-b09 mixed mode windows-amd64 compressed oops)
Heap:
 PSYoungGen      total 327168K, used 191229K [0x00000000eab00000, 0x0000000100000000, 0x0000000100000000)
  eden space 307200K, 57% used [0x00000000eab00000,0x00000000f562dc58,0x00000000fd700000)
  from space 19968K, 79% used [0x00000000fd700000,0x00000000fe6918a8,0x00000000fea80000)
  to   space 21504K, 0% used [0x00000000feb00000,0x00000000feb00000,0x0000000100000000)
 ParOldGen       total 128512K, used 35985K [0x00000000c0000000, 0x00000000c7d80000, 0x00000000eab00000)
  object space 128512K, 28% used [0x00000000c0000000,0x00000000c2324458,0x00000000c7d80000)
 Metaspace       used 81288K, capacity 83716K, committed 84400K, reserved 1124352K
  class space    used 10476K, capacity 11054K, committed 11184K, reserved 1048576K
GC Heap History (10 events):
Event: 7744.160 GC heap before
{Heap before GC invocations=17 (full 3):
 PSYoungGen      total 264704K, used 256745K [0x00000000eab00000, 0x0000000100000000, 0x0000000100000000)
  eden space 243200K, 100% used [0x00000000eab00000,0x00000000f9880000,0x00000000f9880000)
  from space 21504K, 62% used [0x00000000f9880000,0x00000000fa5ba7f0,0x00000000fad80000)
  to   space 22016K, 0% used [0x00000000fea80000,0x00000000fea80000,0x0000000100000000)
 ParOldGen       total 107008K, used 34731K [0x00000000c0000000, 0x00000000c6880000, 0x00000000eab00000)
  object space 107008K, 32% used [0x00000000c0000000,0x00000000c21eaf50,0x00000000c6880000)
 Metaspace       used 68817K, capacity 71400K, committed 71728K, reserved 1112064K
  class space    used 9108K, capacity 9727K, committed 9776K, reserved 1048576K
Event: 7744.212 GC heap after
Heap after GC invocations=17 (full 3):
 PSYoungGen      total 324096K, used 7926K [0x00000000eab00000, 0x00000000ffd80000, 0x0000000100000000)
  eden space 304640K, 0% used [0x00000000eab00000,0x00000000eab00000,0x00000000fd480000)
  from space 19456K, 40% used [0x00000000fea80000,0x00000000ff23d818,0x00000000ffd80000)
  to   space 20992K, 0% used [0x00000000fd480000,0x00000000fd480000,0x00000000fe900000)
 ParOldGen       total 107008K, used 40355K [0x00000000c0000000, 0x00000000c6880000, 0x00000000eab00000)
  object space 107008K, 37% used [0x00000000c0000000,0x00000000c2768e58,0x00000000c6880000)
 Metaspace       used 68817K, capacity 71400K, committed 71728K, reserved 1112064K
  class space    used 9108K, capacity 9727K, committed 9776K, reserved 1048576K
}
Event: 7746.293 GC heap before
{Heap before GC invocations=18 (full 3):
 PSYoungGen      total 324096K, used 43441K [0x00000000eab00000, 0x00000000ffd80000, 0x0000000100000000)
  eden space 304640K, 11% used [0x00000000eab00000,0x00000000ecdaec28,0x00000000fd480000)
  from space 19456K, 40% used [0x00000000fea80000,0x00000000ff23d818,0x00000000ffd80000)
  to   space 20992K, 0% used [0x00000000fd480000,0x00000000fd480000,0x00000000fe900000)
 ParOldGen       total 107008K, used 40355K [0x00000000c0000000, 0x00000000c6880000, 0x00000000eab00000)
  object space 107008K, 37% used [0x00000000c0000000,0x00000000c2768e58,0x00000000c6880000)
 Metaspace       used 71423K, capacity 74004K, committed 74160K, reserved 1118208K
  class space    used 9431K, capacity 10056K, committed 10160K, reserved 1048576K
Event: 7746.301 GC heap after
Heap after GC invocations=18 (full 3):
 PSYoungGen      total 325632K, used 9144K [0x00000000eab00000, 0x00000000ffd80000, 0x0000000100000000)
  eden space 304640K, 0% used [0x00000000eab00000,0x00000000eab00000,0x00000000fd480000)
  from space 20992K, 43% used [0x00000000fd480000,0x00000000fdd6e3e0,0x00000000fe900000)
  to   space 19456K, 0% used [0x00000000fea80000,0x00000000fea80000,0x00000000ffd80000)
 ParOldGen       total 107008K, used 40363K [0x00000000c0000000, 0x00000000c6880000, 0x00000000eab00000)
  object space 107008K, 37% used [0x00000000c0000000,0x00000000c276ae58,0x00000000c6880000)
 Metaspace       used 71423K, capacity 74004K, committed 74160K, reserved 1118208K
  class space    used 9431K, capacity 10056K, committed 10160K, reserved 1048576K
}
Event: 7746.301 GC heap before
{Heap before GC invocations=19 (full 4):
 PSYoungGen      total 325632K, used 9144K [0x00000000eab00000, 0x00000000ffd80000, 0x0000000100000000)
  eden space 304640K, 0% used [0x00000000eab00000,0x00000000eab00000,0x00000000fd480000)
  from space 20992K, 43% used [0x00000000fd480000,0x00000000fdd6e3e0,0x00000000fe900000)
  to   space 19456K, 0% used [0x00000000fea80000,0x00000000fea80000,0x00000000ffd80000)
 ParOldGen       total 107008K, used 40363K [0x00000000c0000000, 0x00000000c6880000, 0x00000000eab00000)
  object space 107008K, 37% used [0x00000000c0000000,0x00000000c276ae58,0x00000000c6880000)
 Metaspace       used 71423K, capacity 74004K, committed 74160K, reserved 1118208K
  class space    used 9431K, capacity 10056K, committed 10160K, reserved 1048576K
Event: 7746.522 GC heap after
Heap after GC invocations=19 (full 4):
 PSYoungGen      total 325632K, used 0K [0x00000000eab00000, 0x00000000ffd80000, 0x0000000100000000)
  eden space 304640K, 0% used [0x00000000eab00000,0x00000000eab00000,0x00000000fd480000)
  from space 20992K, 0% used [0x00000000fd480000,0x00000000fd480000,0x00000000fe900000)
  to   space 19456K, 0% used [0x00000000fea80000,0x00000000fea80000,0x00000000ffd80000)
 ParOldGen       total 128512K, used 35969K [0x00000000c0000000, 0x00000000c7d80000, 0x00000000eab00000)
  object space 128512K, 27% used [0x00000000c0000000,0x00000000c2320458,0x00000000c7d80000)
 Metaspace       used 70842K, capacity 72818K, committed 74160K, reserved 1116160K
  class space    used 9288K, capacity 9799K, committed 10160K, reserved 1048576K
}
Event: 8034.465 GC heap before
{Heap before GC invocations=20 (full 4):
 PSYoungGen      total 325632K, used 304640K [0x00000000eab00000, 0x00000000ffd80000, 0x0000000100000000)
  eden space 304640K, 100% used [0x00000000eab00000,0x00000000fd480000,0x00000000fd480000)
  from space 20992K, 0% used [0x00000000fd480000,0x00000000fd480000,0x00000000fe900000)
  to   space 19456K, 0% used [0x00000000fea80000,0x00000000fea80000,0x00000000ffd80000)
 ParOldGen       total 128512K, used 35969K [0x00000000c0000000, 0x00000000c7d80000, 0x00000000eab00000)
  object space 128512K, 27% used [0x00000000c0000000,0x00000000c2320458,0x00000000c7d80000)
 Metaspace       used 71785K, capacity 73840K, committed 75184K, reserved 1116160K
  class space    used 9333K, capacity 9836K, committed 10160K, reserved 1048576K
Event: 8034.470 GC heap after
Heap after GC invocations=20 (full 4):
 PSYoungGen      total 326656K, used 2510K [0x00000000eab00000, 0x00000000fff80000, 0x0000000100000000)
  eden space 307200K, 0% used [0x00000000eab00000,0x00000000eab00000,0x00000000fd700000)
  from space 19456K, 12% used [0x00000000fea80000,0x00000000fecf3a18,0x00000000ffd80000)
  to   space 19968K, 0% used [0x00000000fd700000,0x00000000fd700000,0x00000000fea80000)
 ParOldGen       total 128512K, used 35977K [0x00000000c0000000, 0x00000000c7d80000, 0x00000000eab00000)
  object space 128512K, 27% used [0x00000000c0000000,0x00000000c2322458,0x00000000c7d80000)
 Metaspace       used 71785K, capacity 73840K, committed 75184K, reserved 1116160K
  class space    used 9333K, capacity 9836K, committed 10160K, reserved 1048576K
}
Event: 8075.694 GC heap before
{Heap before GC invocations=21 (full 4):
 PSYoungGen      total 326656K, used 309710K [0x00000000eab00000, 0x00000000fff80000, 0x0000000100000000)
  eden space 307200K, 100% used [0x00000000eab00000,0x00000000fd700000,0x00000000fd700000)
  from space 19456K, 12% used [0x00000000fea80000,0x00000000fecf3a18,0x00000000ffd80000)
  to   space 19968K, 0% used [0x00000000fd700000,0x00000000fd700000,0x00000000fea80000)
 ParOldGen       total 128512K, used 35977K [0x00000000c0000000, 0x00000000c7d80000, 0x00000000eab00000)
  object space 128512K, 27% used [0x00000000c0000000,0x00000000c2322458,0x00000000c7d80000)
 Metaspace       used 79026K, capacity 81312K, committed 82224K, reserved 1122304K
  class space    used 10238K, capacity 10867K, committed 11056K, reserved 1048576K
Event: 8075.711 GC heap after
Heap after GC invocations=21 (full 4):
 PSYoungGen      total 327168K, used 15942K [0x00000000eab00000, 0x0000000100000000, 0x0000000100000000)
  eden space 307200K, 0% used [0x00000000eab00000,0x00000000eab00000,0x00000000fd700000)
  from space 19968K, 79% used [0x00000000fd700000,0x00000000fe6918a8,0x00000000fea80000)
  to   space 21504K, 0% used [0x00000000feb00000,0x00000000feb00000,0x0000000100000000)
 ParOldGen       total 128512K, used 35985K [0x00000000c0000000, 0x00000000c7d80000, 0x00000000eab00000)
  object space 128512K, 28% used [0x00000000c0000000,0x00000000c2324458,0x00000000c7d80000)
 Metaspace       used 79026K, capacity 81312K, committed 82224K, reserved 1122304K
  class space    used 10238K, capacity 10867K, committed 11056K, reserved 1048576K
}

